<?xml version="1.0" encoding="UTF-8"?>
<!-- Generated by org.testng.reporters.JUnitXMLReporter -->
<testsuite ignored="0" hostname="LDTECH-KISHAN" failures="0" tests="4" name="Default test" time="38.889" errors="0" timestamp="2023-08-17T13:10:35 IST">
  <testcase classname="com.metaex.UnitTest" name="TC001" time="7.557"/>
  <testcase classname="com.metaex.UnitTest" name="TC002" time="6.673"/>
  <testcase classname="com.metaex.UnitTest" name="TC003" time="4.274"/>
  <testcase classname="com.metaex.UnitTest" name="TC004" time="17.443"/>
</testsuite> <!-- Default test -->
