<?xml version="1.0" encoding="UTF-8"?>
<testng-results ignored="0" total="4" passed="4" failed="0" skipped="0">
  <reporter-output>
  </reporter-output>
  <suite started-at="2023-08-17T13:09:56 IST" name="Default suite" finished-at="2023-08-17T13:10:35 IST" duration-ms="38889">
    <groups>
    </groups>
    <test started-at="2023-08-17T13:09:56 IST" name="Default test" finished-at="2023-08-17T13:10:35 IST" duration-ms="38889">
      <class name="com.metaex.UnitTest">
        <test-method is-config="true" signature="BT()[pri:0, instance:com.metaex.UnitTest@29e495ff]" started-at="2023-08-17T13:09:56 IST" name="BT" finished-at="2023-08-17T13:09:59 IST" duration-ms="2877" status="PASS">
          <reporter-output>
          </reporter-output>
        </test-method> <!-- BT -->
        <test-method signature="TC001()[pri:1, instance:com.metaex.UnitTest@29e495ff]" started-at="2023-08-17T13:09:59 IST" name="TC001" finished-at="2023-08-17T13:10:06 IST" duration-ms="7557" status="PASS">
          <reporter-output>
          </reporter-output>
        </test-method> <!-- TC001 -->
        <test-method signature="TC002()[pri:2, instance:com.metaex.UnitTest@29e495ff]" started-at="2023-08-17T13:10:06 IST" name="TC002" finished-at="2023-08-17T13:10:13 IST" duration-ms="6673" status="PASS">
          <reporter-output>
          </reporter-output>
        </test-method> <!-- TC002 -->
        <test-method signature="TC003()[pri:3, instance:com.metaex.UnitTest@29e495ff]" started-at="2023-08-17T13:10:13 IST" name="TC003" finished-at="2023-08-17T13:10:17 IST" duration-ms="4274" status="PASS">
          <reporter-output>
          </reporter-output>
        </test-method> <!-- TC003 -->
        <test-method signature="TC004()[pri:4, instance:com.metaex.UnitTest@29e495ff]" started-at="2023-08-17T13:10:17 IST" name="TC004" finished-at="2023-08-17T13:10:35 IST" duration-ms="17443" status="PASS">
          <reporter-output>
          </reporter-output>
        </test-method> <!-- TC004 -->
      </class> <!-- com.metaex.UnitTest -->
    </test> <!-- Default test -->
  </suite> <!-- Default suite -->
</testng-results>
